TN:
SF:consts/colors.ts
FNF:0
FNH:0
DA:1,1
LF:1
LH:1
BRF:0
BRH:0
end_of_record
TN:
SF:consts/paths.ts
FNF:0
FNH:0
LF:0
LH:0
BRF:0
BRH:0
end_of_record
TN:
SF:icons/index.ts
FNF:0
FNH:0
DA:1,3
DA:5,3
DA:9,3
DA:13,3
DA:17,3
DA:21,3
DA:30,3
DA:34,3
DA:38,3
DA:42,3
DA:46,3
DA:57,3
DA:122,3
DA:182,3
DA:286,3
DA:290,3
DA:294,3
DA:298,3
DA:302,3
DA:370,3
DA:439,3
DA:444,3
DA:452,3
DA:456,3
DA:460,3
DA:464,3
LF:26
LH:26
BRF:0
BRH:0
end_of_record
TN:
SF:utils/alert.ts
FN:3,(anonymous_0)
FN:21,(anonymous_1)
FN:29,(anonymous_2)
FNF:3
FNH:2
FNDA:2,(anonymous_0)
FNDA:0,(anonymous_1)
FNDA:4,(anonymous_2)
DA:3,1
DA:16,2
DA:18,2
DA:19,1
DA:21,0
DA:25,2
DA:26,2
DA:29,1
DA:30,4
DA:32,4
DA:33,1
DA:36,3
DA:37,2
DA:39,1
LF:14
LH:13
BRDA:5,0,0,0
BRDA:7,1,0,0
BRDA:18,2,0,1
BRDA:18,2,1,1
BRDA:30,3,0,4
BRDA:30,3,1,1
BRDA:32,4,0,1
BRDA:32,4,1,3
BRDA:36,5,0,2
BRDA:36,5,1,1
BRF:10
BRH:8
end_of_record
TN:
SF:utils/buttonStyles.ts
FN:9,(anonymous_0)
FN:49,(anonymous_1)
FNF:2
FNH:2
FNDA:4,(anonymous_0)
FNDA:5,(anonymous_1)
DA:9,1
DA:12,4
DA:14,1
DA:21,1
DA:28,1
DA:35,1
DA:49,1
DA:53,5
DA:55,1
DA:62,1
DA:69,1
DA:76,1
DA:83,1
LF:13
LH:13
BRDA:12,0,0,1
BRDA:12,0,1,1
BRDA:12,0,2,1
BRDA:12,0,3,1
BRDA:53,1,0,1
BRDA:53,1,1,1
BRDA:53,1,2,1
BRDA:53,1,3,1
BRDA:53,1,4,1
BRF:9
BRH:9
end_of_record
TN:
SF:utils/cardStyles.ts
FN:15,(anonymous_0)
FNF:1
FNH:1
FNDA:3,(anonymous_0)
DA:15,1
DA:18,3
DA:19,3
DA:20,3
DA:21,3
DA:22,3
DA:23,3
DA:24,3
DA:25,3
DA:27,1
DA:28,1
DA:29,1
DA:30,1
DA:31,1
DA:32,1
DA:33,1
DA:35,1
DA:36,1
DA:37,1
DA:38,1
DA:39,1
DA:40,1
DA:41,1
DA:43,1
DA:44,1
DA:45,1
DA:46,1
DA:47,1
DA:48,1
DA:50,3
LF:30
LH:30
BRDA:25,0,0,1
BRDA:25,0,1,1
BRDA:25,0,2,1
BRF:3
BRH:3
end_of_record
TN:
SF:utils/formatAuthor.ts
FN:1,(anonymous_0)
FNF:1
FNH:1
FNDA:2,(anonymous_0)
DA:1,1
DA:2,2
DA:3,1
DA:5,1
LF:4
LH:4
BRDA:2,0,0,1
BRDA:2,0,1,1
BRF:2
BRH:2
end_of_record
TN:
SF:utils/inputStyles.ts
FN:14,(anonymous_0)
FN:30,(anonymous_1)
FNF:2
FNH:2
FNDA:2,(anonymous_0)
FNDA:2,(anonymous_1)
DA:14,1
DA:17,2
DA:18,1
DA:23,1
DA:30,1
DA:33,2
DA:35,1
DA:42,1
LF:8
LH:8
BRDA:17,0,0,1
BRDA:17,0,1,1
BRDA:33,1,0,1
BRDA:33,1,1,1
BRF:4
BRH:4
end_of_record
TN:
SF:utils/quizCardStyles.ts
FN:8,(anonymous_0)
FNF:1
FNH:1
FNDA:1,(anonymous_0)
DA:8,1
DA:11,1
DA:12,1
DA:14,1
LF:4
LH:4
BRF:0
BRH:0
end_of_record
TN:
SF:utils/validators.ts
FN:4,(anonymous_0)
FNF:1
FNH:1
FNDA:2,(anonymous_0)
DA:2,1
DA:4,1
DA:5,2
LF:3
LH:3
BRF:0
BRH:0
end_of_record
